<?xml version="1.0" encoding="UTF-8"?>
<!-- Generated by org.testng.reporters.JUnitXMLReporter -->
<testsuite ignored="14" hostname="LAPTOP-TCIABFM5" failures="0" tests="6" name="Default test" time="0.083" errors="0" timestamp="2024-09-30T18:03:40 IST">
  <testcase classname="Commonfunction.Commondetails" name="@BeforeSuite ChooseBrowser" time="0.238">
    <failure type="java.lang.NullPointerException" message="Cannot invoke &amp;quot;String.equalsIgnoreCase(String)&amp;quot; because &amp;quot;browser&amp;quot; is null">
      <![CDATA[java.lang.NullPointerException: Cannot invoke "String.equalsIgnoreCase(String)" because "browser" is null
at Commonfunction.Commondetails.ChooseBrowser(Commondetails.java:85)
at java.base/jdk.internal.reflect.NativeMethodAccessorImpl.invoke0(Native Method)
at java.base/jdk.internal.reflect.NativeMethodAccessorImpl.invoke(NativeMethodAccessorImpl.java:77)
at java.base/jdk.internal.reflect.DelegatingMethodAccessorImpl.invoke(DelegatingMethodAccessorImpl.java:43)
at java.base/java.lang.reflect.Method.invoke(Method.java:568)
at org.testng.internal.invokers.MethodInvocationHelper.invokeMethod(MethodInvocationHelper.java:141)
at org.testng.internal.invokers.MethodInvocationHelper.invokeMethodConsideringTimeout(MethodInvocationHelper.java:71)
at org.testng.internal.invokers.ConfigInvoker.invokeConfigurationMethod(ConfigInvoker.java:400)
at org.testng.internal.invokers.ConfigInvoker.invokeConfigurations(ConfigInvoker.java:333)
at org.testng.SuiteRunner.privateRun(SuiteRunner.java:358)
at org.testng.SuiteRunner.run(SuiteRunner.java:312)
at org.testng.SuiteRunnerWorker.runSuite(SuiteRunnerWorker.java:52)
at org.testng.SuiteRunnerWorker.run(SuiteRunnerWorker.java:95)
at org.testng.TestNG.runSuitesSequentially(TestNG.java:1274)
at org.testng.TestNG.runSuitesLocally(TestNG.java:1208)
at org.testng.TestNG.runSuites(TestNG.java:1112)
at org.testng.TestNG.run(TestNG.java:1079)
at org.testng.remote.AbstractRemoteTestNG.run(AbstractRemoteTestNG.java:115)
at org.testng.remote.RemoteTestNG.initAndRun(RemoteTestNG.java:293)
at org.testng.remote.RemoteTestNG.main(RemoteTestNG.java:91)
]]>
    </failure>
  </testcase> <!-- @BeforeSuite ChooseBrowser -->
  <testcase classname="Testcase.FlightresultTC" name="Flightresult" time="0.0">
    <skipped/>
  </testcase> <!-- Flightresult -->
  <testcase classname="Testcase.ThanksTC" name="Thankscase" time="0.0">
    <skipped/>
  </testcase> <!-- Thankscase -->
  <testcase classname="Testcase.AddonTC" name="Addoncase" time="0.0">
    <skipped/>
  </testcase> <!-- Addoncase -->
  <testcase classname="Testcase.PassengerTC" name="Passengerdetails" time="0.0">
    <skipped/>
  </testcase> <!-- Passengerdetails -->
  <testcase classname="Testcase.SearchTC" name="Startpage" time="0.0">
    <skipped/>
  </testcase> <!-- Startpage -->
  <testcase classname="Testcase.PaymentTC" name="Paymentcase" time="0.0">
    <skipped/>
  </testcase> <!-- Paymentcase -->
  <testcase classname="Commonfunction.Commondetails" name="@BeforeSuite ChooseBrowser" time="0.0">
    <ignored/>
  </testcase> <!-- @BeforeSuite ChooseBrowser -->
  <testcase classname="Commonfunction.Commondetails" name="@AfterSuite tearDownReport" time="0.0">
    <ignored/>
  </testcase> <!-- @AfterSuite tearDownReport -->
  <testcase classname="Commonfunction.Commondetails" name="@AfterSuite tearDownReport" time="0.0">
    <ignored/>
  </testcase> <!-- @AfterSuite tearDownReport -->
  <testcase classname="Commonfunction.Commondetails" name="@BeforeSuite ChooseBrowser" time="0.0">
    <ignored/>
  </testcase> <!-- @BeforeSuite ChooseBrowser -->
  <testcase classname="Commonfunction.Commondetails" name="@BeforeSuite ChooseBrowser" time="0.0">
    <ignored/>
  </testcase> <!-- @BeforeSuite ChooseBrowser -->
  <testcase classname="Commonfunction.Commondetails" name="@BeforeSuite ChooseBrowser" time="0.0">
    <ignored/>
  </testcase> <!-- @BeforeSuite ChooseBrowser -->
  <testcase classname="Commonfunction.Commondetails" name="@AfterSuite tearDownReport" time="0.0">
    <ignored/>
  </testcase> <!-- @AfterSuite tearDownReport -->
  <testcase classname="Commonfunction.Commondetails" name="@AfterSuite tearDownReport" time="0.0">
    <ignored/>
  </testcase> <!-- @AfterSuite tearDownReport -->
  <testcase classname="Commonfunction.Commondetails" name="@BeforeSuite ChooseBrowser" time="0.0">
    <ignored/>
  </testcase> <!-- @BeforeSuite ChooseBrowser -->
  <testcase classname="Commonfunction.Commondetails" name="@AfterSuite tearDownReport" time="0.0">
    <ignored/>
  </testcase> <!-- @AfterSuite tearDownReport -->
  <testcase classname="Commonfunction.Commondetails" name="@AfterSuite tearDownReport" time="0.0">
    <ignored/>
  </testcase> <!-- @AfterSuite tearDownReport -->
  <testcase classname="Commonfunction.Commondetails" name="@BeforeSuite ChooseBrowser" time="0.0">
    <ignored/>
  </testcase> <!-- @BeforeSuite ChooseBrowser -->
  <testcase classname="Commonfunction.Commondetails" name="@BeforeSuite ChooseBrowser" time="0.0">
    <ignored/>
  </testcase> <!-- @BeforeSuite ChooseBrowser -->
  <testcase classname="Commonfunction.Commondetails" name="@AfterSuite tearDownReport" time="0.0">
    <ignored/>
  </testcase> <!-- @AfterSuite tearDownReport -->
</testsuite> <!-- Default test -->
